The system is: Windows - 10.0.22000 - AMD64
Compiling the C compiler identification source file "CMakeCCompilerId.c" succeeded.
Compiler:  
Build flags: 
Id flags:  

The output was:
0
Microsoft(R) Build Engine versÆo 16.11.0+0538acc04 para .NET Framework 
Copyright (C) Microsoft Corporation. Todos os direitos reservados.

Compila‡Æo de 29/08/2021 23:37:47 iniciada.
Projeto "E:\GitHub\Estudos\OpenGL (C++)\glfw-3.3.4\build\CMakeFiles\3.21.2\CompilerIdC\CompilerIdC.vcxproj" no n¢ 1 (destinos padrÆo).
PrepareForBuild:
  Criando o diret¢rio "Debug\".
  Criando o diret¢rio "Debug\CompilerIdC.tlog\".
InitializeBuildStatus:
  Criando "Debug\CompilerIdC.tlog\unsuccessfulbuild" porque "AlwaysCreate" foi especificado.
ClCompile:
  C:\Program Files (x86)\Microsoft Visual Studio\2019\Community\VC\Tools\MSVC\14.29.30133\bin\HostX64\x64\CL.exe /c /nologo /W0 /WX- /diagnostics:column /Od /D _MBCS /Gm- /EHsc /RTC1 /MDd /GS /fp:precise /Zc:wchar_t /Zc:forScope /Zc:inline /Fo"Debug\\" /Fd"Debug\vc142.pdb" /external:W0 /Gd /TC /FC /errorReport:queue CMakeCCompilerId.c
  CMakeCCompilerId.c
Link:
  C:\Program Files (x86)\Microsoft Visual Studio\2019\Community\VC\Tools\MSVC\14.29.30133\bin\HostX64\x64\link.exe /ERRORREPORT:QUEUE /OUT:".\CompilerIdC.exe" /INCREMENTAL:NO /NOLOGO kernel32.lib user32.lib gdi32.lib winspool.lib comdlg32.lib advapi32.lib shell32.lib ole32.lib oleaut32.lib uuid.lib odbc32.lib odbccp32.lib /MANIFEST /MANIFESTUAC:"level='asInvoker' uiAccess='false'" /manifest:embed /PDB:".\CompilerIdC.pdb" /SUBSYSTEM:CONSOLE /TLBID:1 /DYNAMICBASE /NXCOMPAT /IMPLIB:".\CompilerIdC.lib" /MACHINE:X64 Debug\CMakeCCompilerId.obj
  CompilerIdC.vcxproj -> E:\GitHub\Estudos\OpenGL (C++)\glfw-3.3.4\build\CMakeFiles\3.21.2\CompilerIdC\CompilerIdC.exe
PostBuildEvent:
  for %%i in (cl.exe) do @echo CMAKE_C_COMPILER=%%~$PATH:i
  :VCEnd
  CMAKE_C_COMPILER=C:\Program Files (x86)\Microsoft Visual Studio\2019\Community\VC\Tools\MSVC\14.29.30133\bin\Hostx64\x64\cl.exe
FinalizeBuildStatus:
  Excluindo o arquivo "Debug\CompilerIdC.tlog\unsuccessfulbuild".
  Tocando "Debug\CompilerIdC.tlog\CompilerIdC.lastbuildstate".
Projeto de compila‡Æo pronto "E:\GitHub\Estudos\OpenGL (C++)\glfw-3.3.4\build\CMakeFiles\3.21.2\CompilerIdC\CompilerIdC.vcxproj" (destinos padrÆo).

Compila‡Æo com ˆxito.
    0 Aviso(s)
    0 Erro(s)

Tempo Decorrido 00:00:01.55


Compilation of the C compiler identification source "CMakeCCompilerId.c" produced "CompilerIdC.exe"

Compilation of the C compiler identification source "CMakeCCompilerId.c" produced "CompilerIdC.vcxproj"

The C compiler identification is MSVC, found in "E:/GitHub/Estudos/OpenGL (C++)/glfw-3.3.4/build/CMakeFiles/3.21.2/CompilerIdC/CompilerIdC.exe"

Detecting C compiler ABI info compiled with the following output:
Change Dir: E:/GitHub/Estudos/OpenGL (C++)/glfw-3.3.4/build/CMakeFiles/CMakeTmp

Run Build Command(s):C:/Program Files (x86)/Microsoft Visual Studio/2019/Community/MSBuild/Current/Bin/MSBuild.exe cmTC_01b7a.vcxproj /p:Configuration=Debug /p:Platform=x64 /p:VisualStudioVersion=16.0 /v:m && Microsoft(R) Build Engine versÆo 16.11.0+0538acc04 para .NET Framework 
Copyright (C) Microsoft Corporation. Todos os direitos reservados.

  Microsoft (R) C/C++ Optimizing Compiler VersÆo 19.29.30133 para x64
  Copyright (C) Microsoft Corporation. Todos os direitos reservados.
  CMakeCCompilerABI.c
  cl /c /Zi /W3 /WX- /diagnostics:column /Od /Ob0 /D _MBCS /D WIN32 /D _WINDOWS /D "CMAKE_INTDIR=\"Debug\"" /Gm- /RTC1 /MDd /GS /fp:precise /Zc:wchar_t /Zc:forScope /Zc:inline /Fo"cmTC_01b7a.dir\Debug\\" /Fd"cmTC_01b7a.dir\Debug\vc142.pdb" /external:W3 /Gd /TC /errorReport:queue "C:\Program Files\CMake\share\cmake-3.21\Modules\CMakeCCompilerABI.c"
  cmTC_01b7a.vcxproj -> E:\GitHub\Estudos\OpenGL (C++)\glfw-3.3.4\build\CMakeFiles\CMakeTmp\Debug\cmTC_01b7a.exe



